<?xml version="1.0" encoding="UTF-8"?>
<!-- Generated by org.testng.reporters.JUnitReportReporter -->
<testsuite hostname="LTIN312672" failures="0" tests="1" name="IshuSession.SelectDropDown" time="6.943" errors="0" timestamp="2024-10-01T19:06:58 IST" skipped="0">
  <testcase classname="IshuSession.SelectDropDown" name="script" time="6.943"/>
</testsuite> <!-- IshuSession.SelectDropDown -->
