<?xml version="1.0" encoding="UTF-8"?>
<!-- Generated by org.testng.reporters.JUnitReportReporter -->
<testsuite hostname="LTIN312672" failures="0" tests="1" name="IshuSession.Alerts" time="7.665" errors="0" timestamp="2025-01-02T16:41:32 IST" skipped="0">
  <testcase classname="IshuSession.Alerts" name="script" time="7.665"/>
</testsuite> <!-- IshuSession.Alerts -->
