<?xml version="1.0" encoding="UTF-8"?>
<!-- Generated by org.testng.reporters.JUnitReportReporter -->
<testsuite hostname="LTIN312672" failures="0" tests="1" name="SeleniumTrainingReloaded.Practicing" time="2.681" errors="0" timestamp="2025-01-27T19:03:15 IST" skipped="0">
  <testcase classname="SeleniumTrainingReloaded.Practicing" name="launchURL" time="2.681"/>
</testsuite> <!-- SeleniumTrainingReloaded.Practicing -->
