<?xml version="1.0" encoding="UTF-8"?>
<!-- Generated by org.testng.reporters.JUnitReportReporter -->
<testsuite hostname="LTIN312672" failures="0" tests="1" name="RestAssured.LibraryparmeterisedBody" time="2.639" errors="0" timestamp="2024-05-03T00:33:21 IST" skipped="0">
  <testcase classname="RestAssured.LibraryparmeterisedBody" name="Librarypost" time="2.639"/>
</testsuite> <!-- RestAssured.LibraryparmeterisedBody -->
