<?xml version="1.0" encoding="UTF-8"?>
<!-- Generated by org.testng.reporters.JUnitReportReporter -->
<testsuite hostname="LTIN312672" failures="0" tests="1" name="RestAssured.postMethodinMaps" time="3.784" errors="0" timestamp="2024-04-25T21:27:36 IST" skipped="0">
  <testcase classname="RestAssured.postMethodinMaps" name="post" time="3.784"/>
</testsuite> <!-- RestAssured.postMethodinMaps -->
