<?xml version="1.0" encoding="UTF-8"?>
<!-- Generated by org.testng.reporters.JUnitReportReporter -->
<testsuite hostname="LTIN312672" failures="0" tests="1" name="IshuSession.SelectDropDown" time="8.204" errors="0" timestamp="2024-04-14T16:38:57 IST" skipped="0">
  <testcase classname="IshuSession.SelectDropDown" name="script" time="8.204"/>
</testsuite> <!-- IshuSession.SelectDropDown -->
