<?xml version="1.0" encoding="UTF-8"?>
<!-- Generated by org.testng.reporters.JUnitReportReporter -->
<testsuite hostname="LTIN312672" failures="0" tests="3" name="RestAssured.PutPatchDelete" time="3.841" errors="0" timestamp="2024-04-21T01:21:53 IST" skipped="0">
  <testcase classname="RestAssured.PutPatchDelete" name="patch" time="0.535"/>
  <testcase classname="RestAssured.PutPatchDelete" name="Delete" time="2.888"/>
  <testcase classname="RestAssured.PutPatchDelete" name="put" time="0.418"/>
</testsuite> <!-- RestAssured.PutPatchDelete -->
