<?xml version="1.0" encoding="UTF-8"?>
<!-- Generated by org.testng.reporters.JUnitReportReporter -->
<testsuite hostname="LTIN312672" failures="0" tests="1" name="RestAssured.PostRequest" time="3.764" errors="0" timestamp="2024-12-23T15:39:37 IST" skipped="0">
  <testcase classname="RestAssured.PostRequest" name="postRequest" time="3.764"/>
</testsuite> <!-- RestAssured.PostRequest -->
