<?xml version="1.0" encoding="UTF-8"?>
<!-- Generated by org.testng.reporters.JUnitReportReporter -->
<testsuite hostname="LTIN312672" failures="0" tests="1" name="IshuSession.ActDragDrop" time="8.206" errors="0" timestamp="2025-02-28T11:55:38 IST" skipped="0">
  <testcase classname="IshuSession.ActDragDrop" name="Selectwithoutselectclass" time="8.206"/>
</testsuite> <!-- IshuSession.ActDragDrop -->
