<?xml version="1.0" encoding="UTF-8"?>
<!-- Generated by org.testng.reporters.JUnitReportReporter -->
<testsuite hostname="LTIN312672" failures="0" tests="1" name="IshuSession.SelectDropdownWithoutSelect" time="11.559" errors="0" timestamp="2024-04-14T16:38:57 IST" skipped="0">
  <testcase classname="IshuSession.SelectDropdownWithoutSelect" name="Selectwithoutselectclass" time="11.559"/>
</testsuite> <!-- IshuSession.SelectDropdownWithoutSelect -->
