<?xml version="1.0" encoding="UTF-8"?>
<!-- Generated by org.testng.reporters.JUnitReportReporter -->
<testsuite hostname="LTIN312672" failures="0" tests="2" name="RestAssured.PostRequest" time="4.530" errors="0" timestamp="2024-04-21T00:09:51 IST" skipped="0">
  <testcase classname="RestAssured.PostRequest" name="postRequest2" time="0.473"/>
  <testcase classname="RestAssured.PostRequest" name="postRequest" time="4.057"/>
</testsuite> <!-- RestAssured.PostRequest -->
