<?xml version="1.0" encoding="UTF-8"?>
<!-- Generated by org.testng.reporters.JUnitReportReporter -->
<testsuite hostname="LTIN312672" failures="0" tests="1" name="RestAssured.JsonDetails" time="1.639" errors="0" timestamp="2024-05-02T23:35:59 IST" skipped="0">
  <testcase classname="RestAssured.JsonDetails" name="fetchingJson" time="1.639"/>
</testsuite> <!-- RestAssured.JsonDetails -->
