<?xml version="1.0" encoding="UTF-8"?>
<!-- Generated by org.testng.reporters.JUnitReportReporter -->
<testsuite hostname="LTIN312672" failures="0" tests="1" name="interviewQuestions.Irctc" time="32.104" errors="0" timestamp="2025-02-06T17:29:44 IST" skipped="0">
  <testcase classname="interviewQuestions.Irctc" name="irctcapp" time="32.104"/>
</testsuite> <!-- interviewQuestions.Irctc -->
