<?xml version="1.0" encoding="UTF-8"?>
<!-- Generated by org.testng.reporters.JUnitReportReporter -->
<testsuite hostname="LTIN312672" failures="0" tests="1" name="IshuSession.Frames" time="4.397" errors="0" timestamp="2024-10-01T19:06:58 IST" skipped="0">
  <testcase classname="IshuSession.Frames" name="FrmaesHandling" time="4.397"/>
</testsuite> <!-- IshuSession.Frames -->
