<?xml version="1.0" encoding="UTF-8"?>
<!-- Generated by org.testng.reporters.JUnitReportReporter -->
<testsuite hostname="LTIN312672" failures="0" tests="5" name="RestAssured.EndtoEndAPIAutomation" time="9.320" errors="0" timestamp="2024-12-23T16:22:57 IST" skipped="0">
  <testcase classname="RestAssured.EndtoEndAPIAutomation" name="createPlaceUsingpostMethod" time="2.694"/>
  <testcase classname="RestAssured.EndtoEndAPIAutomation" name="updatePlace" time="1.755"/>
  <testcase classname="RestAssured.EndtoEndAPIAutomation" name="getPlace" time="1.319"/>
  <testcase classname="RestAssured.EndtoEndAPIAutomation" name="DeletePlace" time="2.105"/>
  <testcase classname="RestAssured.EndtoEndAPIAutomation" name="gettingtheDeletedPlace" time="1.447"/>
</testsuite> <!-- RestAssured.EndtoEndAPIAutomation -->
