<?xml version="1.0" encoding="UTF-8"?>
<!-- Generated by org.testng.reporters.JUnitReportReporter -->
<testsuite hostname="LTIN312672" failures="0" tests="1" name="IshuSession.Act" time="0.566" errors="0" timestamp="2024-04-07T21:36:50 IST" skipped="0">
  <testcase classname="IshuSession.Act" name="Selectwithoutselectclass" time="0.566"/>
</testsuite> <!-- IshuSession.Act -->
