<?xml version="1.0" encoding="UTF-8"?>
<!-- Generated by org.testng.reporters.JUnitReportReporter -->
<testsuite hostname="LTIN312672" failures="0" tests="2" name="Runners.CucumberrunnerFile" time="30.262" errors="0" timestamp="2025-01-07T15:32:25 IST" skipped="0">
  <testcase classname="Runners.CucumberrunnerFile" name="runScenario" time="15.131"/>
  <testcase classname="Runners.CucumberrunnerFile" name="runScenario" time="15.131"/>
</testsuite> <!-- Runners.CucumberrunnerFile -->
