<?xml version="1.0" encoding="UTF-8"?>
<!-- Generated by org.testng.reporters.JUnitReportReporter -->
<testsuite hostname="LTIN312672" failures="0" tests="1" name="IshuSession.Alerts" time="7.325" errors="0" timestamp="2024-04-14T16:38:57 IST" skipped="0">
  <testcase classname="IshuSession.Alerts" name="script" time="7.325"/>
</testsuite> <!-- IshuSession.Alerts -->
