<?xml version="1.0" encoding="UTF-8"?>
<!-- Generated by org.testng.reporters.JUnitReportReporter -->
<testsuite hostname="LTIN312672" failures="0" tests="5" name="RestAssured.EndtoEndAPIAutomation" time="8.415" errors="0" timestamp="2024-04-25T23:22:43 IST" skipped="0">
  <testcase classname="RestAssured.EndtoEndAPIAutomation" name="createPlaceUsingpostMethod" time="3.224"/>
  <testcase classname="RestAssured.EndtoEndAPIAutomation" name="updatePlace" time="1.515"/>
  <testcase classname="RestAssured.EndtoEndAPIAutomation" name="getPlace" time="0.928"/>
  <testcase classname="RestAssured.EndtoEndAPIAutomation" name="DeletePlace" time="1.498"/>
  <testcase classname="RestAssured.EndtoEndAPIAutomation" name="gettingtheDeletedPlace" time="1.250"/>
</testsuite> <!-- RestAssured.EndtoEndAPIAutomation -->
