<?xml version="1.0" encoding="UTF-8"?>
<!-- Generated by org.testng.reporters.JUnitReportReporter -->
<testsuite hostname="LTIN312672" failures="0" tests="1" name="IshuSession.Actionandwait" time="19.006" errors="0" timestamp="2024-04-14T16:38:57 IST" skipped="0">
  <testcase classname="IshuSession.Actionandwait" name="Selectwithoutselectclass" time="19.006"/>
</testsuite> <!-- IshuSession.Actionandwait -->
