<?xml version="1.0" encoding="UTF-8"?>
<!-- Generated by org.testng.reporters.JUnitReportReporter -->
<testsuite hostname="LTIN312672" failures="0" tests="1" name="IshuSession.Actionandwait" time="17.701" errors="0" timestamp="2024-10-01T19:06:58 IST" skipped="0">
  <testcase classname="IshuSession.Actionandwait" name="Selectwithoutselectclass" time="17.701"/>
</testsuite> <!-- IshuSession.Actionandwait -->
