<?xml version="1.0" encoding="UTF-8"?>
<!-- Generated by org.testng.reporters.JUnitReportReporter -->
<testsuite hostname="LTIN312672" failures="0" tests="1" name="IshuSession.Webtables" time="0.281" errors="0" timestamp="2024-04-17T13:33:04 IST" skipped="0">
  <testcase classname="IshuSession.Webtables" name="Selectwithoutselectclass" time="0.281"/>
</testsuite> <!-- IshuSession.Webtables -->
