<?xml version="1.0" encoding="UTF-8"?>
<!-- Generated by org.testng.reporters.JUnitReportReporter -->
<testsuite hostname="LTIN312672" failures="0" tests="2" name="RestAssured.FirstRestAsuured" time="3.972" errors="0" timestamp="2024-04-20T14:50:19 IST" skipped="0">
  <testcase classname="RestAssured.FirstRestAsuured" name="test2" time="1.378"/>
  <testcase classname="RestAssured.FirstRestAsuured" name="test" time="2.594"/>
</testsuite> <!-- RestAssured.FirstRestAsuured -->
