<?xml version="1.0" encoding="UTF-8"?>
<!-- Generated by org.testng.reporters.JUnitReportReporter -->
<testsuite hostname="LTIN312672" failures="0" tests="1" name="Runners.CucumberrunnerFile" time="2.178" errors="0" timestamp="2024-05-03T22:27:35 IST" skipped="0">
  <testcase classname="Runners.CucumberrunnerFile" name="runScenario" time="2.178"/>
</testsuite> <!-- Runners.CucumberrunnerFile -->
